The system is: Linux - 4.4.162-94.72-default - x86_64
Compiling the C compiler identification source file "CMakeCCompilerId.c" succeeded.
Compiler: /mpcdf/soft/SLE_12_SP3/packages/skylake/intel/18.0.5/bin/icc 
Build flags: 
Id flags:  

The output was:
0


Compilation of the C compiler identification source "CMakeCCompilerId.c" produced "a.out"

The C compiler identification is Intel, found in "/u/gvargas/code/e++SCv1/buildV1/CMakeFiles/3.10.2/CompilerIdC/a.out"

Compiling the CXX compiler identification source file "CMakeCXXCompilerId.cpp" succeeded.
Compiler: /mpcdf/soft/SLE_12_SP3/packages/skylake/intel/18.0.5/bin/icpc 
Build flags: 
Id flags:  

The output was:
0


Compilation of the CXX compiler identification source "CMakeCXXCompilerId.cpp" produced "a.out"

The CXX compiler identification is Intel, found in "/u/gvargas/code/e++SCv1/buildV1/CMakeFiles/3.10.2/CompilerIdCXX/a.out"

Determining if the C compiler works passed with the following output:
Change Dir: /u/gvargas/code/e++SCv1/buildV1/CMakeFiles/CMakeTmp

Run Build Command:"/usr/bin/gmake" "cmTC_f96bf/fast"
/usr/bin/gmake -f CMakeFiles/cmTC_f96bf.dir/build.make CMakeFiles/cmTC_f96bf.dir/build
gmake[1]: Entering directory '/cobra/u/gvargas/code/e++SCv1/buildV1/CMakeFiles/CMakeTmp'
Building C object CMakeFiles/cmTC_f96bf.dir/testCCompiler.c.o
/mpcdf/soft/SLE_12_SP3/packages/skylake/intel/18.0.5/bin/icc    -o CMakeFiles/cmTC_f96bf.dir/testCCompiler.c.o   -c /u/gvargas/code/e++SCv1/buildV1/CMakeFiles/CMakeTmp/testCCompiler.c
Linking C executable cmTC_f96bf
/u/system/soft/SLE_12_SP3/packages/x86_64/cmake/3.10.2/bin/cmake -E cmake_link_script CMakeFiles/cmTC_f96bf.dir/link.txt --verbose=1
/mpcdf/soft/SLE_12_SP3/packages/skylake/intel/18.0.5/bin/icc      -rdynamic CMakeFiles/cmTC_f96bf.dir/testCCompiler.c.o  -o cmTC_f96bf 
gmake[1]: Leaving directory '/cobra/u/gvargas/code/e++SCv1/buildV1/CMakeFiles/CMakeTmp'


Detecting C compiler ABI info compiled with the following output:
Change Dir: /u/gvargas/code/e++SCv1/buildV1/CMakeFiles/CMakeTmp

Run Build Command:"/usr/bin/gmake" "cmTC_a09fd/fast"
/usr/bin/gmake -f CMakeFiles/cmTC_a09fd.dir/build.make CMakeFiles/cmTC_a09fd.dir/build
gmake[1]: Entering directory '/cobra/u/gvargas/code/e++SCv1/buildV1/CMakeFiles/CMakeTmp'
Building C object CMakeFiles/cmTC_a09fd.dir/CMakeCCompilerABI.c.o
/mpcdf/soft/SLE_12_SP3/packages/skylake/intel/18.0.5/bin/icc    -o CMakeFiles/cmTC_a09fd.dir/CMakeCCompilerABI.c.o   -c /u/system/soft/SLE_12_SP3/packages/x86_64/cmake/3.10.2/share/cmake-3.10/Modules/CMakeCCompilerABI.c
Linking C executable cmTC_a09fd
/u/system/soft/SLE_12_SP3/packages/x86_64/cmake/3.10.2/bin/cmake -E cmake_link_script CMakeFiles/cmTC_a09fd.dir/link.txt --verbose=1
/mpcdf/soft/SLE_12_SP3/packages/skylake/intel/18.0.5/bin/icc     -v -rdynamic CMakeFiles/cmTC_a09fd.dir/CMakeCCompilerABI.c.o  -o cmTC_a09fd 
icc version 18.0.5 (gcc version 4.8.0 compatibility)
/cobra/u/system/soft/SLE_12_SP3/packages/x86_64/intel_parallel_studio/2018.4/compilers_and_libraries_2018.5.274/linux/bin/intel64/mcpcom    -mGLOB_em64t=TRUE -mP1OPT_version=18.0-intel64 -mGLOB_diag_file=CMakeFiles/cmTC_a09fd.dir/CMakeCCompilerABI.c.diag -mGLOB_long_size_64 -mGLOB_routine_pointer_size_64 -mP1OPT_print_version=FALSE -mCG_use_gas_got_workaround=F -mP2OPT_align_option_used=TRUE -mGLOB_gcc_version=480 "-mGLOB_options_string=-Wl,-rpath=/mpcdf/soft/SLE_12_SP3/packages/x86_64/intel_parallel_studio/2018.4/18.0/linux/compiler/lib/intel64 -v -rdynamic -o cmTC_a09fd" -mGLOB_cxx_limited_range=FALSE -mCG_extend_parms=FALSE -mGLOB_compiler_bin_directory=/cobra/u/system/soft/SLE_12_SP3/packages/x86_64/intel_parallel_studio/2018.4/compilers_and_libraries_2018.5.274/linux/bin/intel64 -mGLOB_as_output_backup_file_name=/tmp/iccrFs7Nsas_.s -mGLOB_dashboard_use_source_name -mIPOPT_activate -mGLOB_product_id_code=0x22006d92 -mP3OPT_use_mspp_call_convention -mP2OPT_subs_out_of_bound=FALSE -mP2OPT_disam_type_based_disam=2 -mP2OPT_disam_assume_ansi_c -mP2OPT_checked_disam_ansi_alias=TRUE -mGLOB_ansi_alias -mPGOPTI_value_profile_use=T -mGLOB_opt_report_use_source_name -mP2OPT_il0_array_sections=TRUE -mGLOB_offload_mode=1 -mP2OPT_offload_unique_var_string=icc1866820941XSq7Zt -mP2OPT_hlo -mP2OPT_hpo_rtt_control=0 -mIPOPT_args_in_regs=0 -mP2OPT_disam_assume_nonstd_intent_in=FALSE -mGLOB_imf_mapping_library=/cobra/u/system/soft/SLE_12_SP3/packages/x86_64/intel_parallel_studio/2018.4/compilers_and_libraries_2018.5.274/linux/bin/intel64/libiml_attr.so -mPGOPTI_gen_threadsafe_level=0 -mIPOPT_link -mIPOPT_ipo_activate -mIPOPT_mo_activate -mIPOPT_source_files_list=/tmp/iccslis5fLKN9 -mIPOPT_mo_global_data -mIPOPT_link_script_file=/tmp/iccscriptHbGJsV "-mIPOPT_cmdline_link="/usr/lib64/gcc/x86_64-suse-linux/4.8/../../../../lib64/crt1.o" "/usr/lib64/gcc/x86_64-suse-linux/4.8/../../../../lib64/crti.o" "/usr/lib64/gcc/x86_64-suse-linux/4.8/crtbegin.o" "-export-dynamic" "--eh-frame-hdr" "--build-id" "-dynamic-linker" "/lib64/ld-linux-x86-64.so.2" "-m" "elf_x86_64" "-o" "cmTC_a09fd" "-L/cobra/u/system/soft/SLE_12_SP3/packages/x86_64/intel_parallel_studio/2018.4/compilers_and_libraries_2018.5.274/linux/compiler/lib/intel64_lin" "-L/usr/lib64/gcc/x86_64-suse-linux/4.8/" "-L/usr/lib64/gcc/x86_64-suse-linux/4.8/../../../../lib64" "-L/usr/lib64/gcc/x86_64-suse-linux/4.8/../../../../lib64/" "-L/lib/../lib64" "-L/lib/../lib64/" "-L/usr/lib/../lib64" "-L/usr/lib/../lib64/" "-L/usr/lib64/gcc/x86_64-suse-linux/4.8/../../../../x86_64-suse-linux/lib/" "-L/usr/lib64/gcc/x86_64-suse-linux/4.8/../../../" "-L/lib64" "-L/lib/" "-L/usr/lib64" "-L/usr/lib" "-rpath=/mpcdf/soft/SLE_12_SP3/packages/x86_64/intel_parallel_studio/2018.4/18.0/linux/compiler/lib/intel64" "CMakeFiles/cmTC_a09fd.dir/CMakeCCompilerABI.c.o" "-Bdynamic" "-Bstatic" "-limf" "-lsvml" "-lirng" "-Bdynamic" "-lm" "-Bstatic" "-lipgo" "-ldecimal" "--as-needed" "-Bdynamic" "-lcilkrts" "-lstdc++" "--no-as-needed" "-lgcc" "-lgcc_s" "-Bstatic" "-lirc" "-lsvml" "-Bdynamic" "-lc" "-lgcc" "-lgcc_s" "-Bstatic" "-lirc_s" "-Bdynamic" "-ldl" "-lc" "/usr/lib64/gcc/x86_64-suse-linux/4.8/crtend.o" "/usr/lib64/gcc/x86_64-suse-linux/4.8/../../../../lib64/crtn.o"" -mIPOPT_il_in_obj -mIPOPT_ipo_activate_warn=FALSE -mIPOPT_obj_output_file_name=/tmp/ipo_iccjhu3Px.o -mIPOPT_whole_archive_fixup_file_name=/tmp/iccwarchFcbETL -mGLOB_linker_version=2.31.1.20180828 -mGLOB_driver_tempfile_name=/tmp/icctempfileVmoBBx -mP3OPT_asm_target=P3OPT_ASM_TARGET_GAS -mGLOB_async_unwind_tables=TRUE -mGLOB_obj_output_file=/tmp/ipo_iccjhu3Px.o -mGLOB_source_dialect=GLOB_SOURCE_DIALECT_NONE -mP1OPT_source_file_name=ipo_out.c CMakeFiles/cmTC_a09fd.dir/CMakeCCompilerABI.c.o -mIPOPT_object_files=T -mIPOPT_assembly_files=/tmp/iccalisDX0U94 -mIPOPT_generated_tempfiles=/tmp/iccelislkzROQ -mIPOPT_embedded_object_base_name=/tmp/icceobjzZHOtC -mIPOPT_cmdline_link_new_name=/tmp/iccllisxcrM8n
/usr/lib64/gcc/x86_64-suse-linux/4.8/../../../../x86_64-suse-linux/bin/ld    /usr/lib64/gcc/x86_64-suse-linux/4.8/../../../../lib64/crt1.o /usr/lib64/gcc/x86_64-suse-linux/4.8/../../../../lib64/crti.o /usr/lib64/gcc/x86_64-suse-linux/4.8/crtbegin.o -export-dynamic --eh-frame-hdr --build-id -dynamic-linker /lib64/ld-linux-x86-64.so.2 -m elf_x86_64 -o cmTC_a09fd -L/cobra/u/system/soft/SLE_12_SP3/packages/x86_64/intel_parallel_studio/2018.4/compilers_and_libraries_2018.5.274/linux/compiler/lib/intel64_lin -L/usr/lib64/gcc/x86_64-suse-linux/4.8/ -L/usr/lib64/gcc/x86_64-suse-linux/4.8/../../../../lib64 -L/usr/lib64/gcc/x86_64-suse-linux/4.8/../../../../lib64/ -L/lib/../lib64 -L/lib/../lib64/ -L/usr/lib/../lib64 -L/usr/lib/../lib64/ -L/usr/lib64/gcc/x86_64-suse-linux/4.8/../../../../x86_64-suse-linux/lib/ -L/usr/lib64/gcc/x86_64-suse-linux/4.8/../../../ -L/lib64 -L/lib/ -L/usr/lib64 -L/usr/lib -rpath=/mpcdf/soft/SLE_12_SP3/packages/x86_64/intel_parallel_studio/2018.4/18.0/linux/compiler/lib/intel64 CMakeFiles/cmTC_a09fd.dir/CMakeCCompilerABI.c.o -Bdynamic -Bstatic -limf -lsvml -lirng -Bdynamic -lm -Bstatic -lipgo -ldecimal --as-needed -Bdynamic -lcilkrts -lstdc++ --no-as-needed -lgcc -lgcc_s -Bstatic -lirc -lsvml -Bdynamic -lc -lgcc -lgcc_s -Bstatic -lirc_s -Bdynamic -ldl -lc /usr/lib64/gcc/x86_64-suse-linux/4.8/crtend.o /usr/lib64/gcc/x86_64-suse-linux/4.8/../../../../lib64/crtn.o
gmake[1]: Leaving directory '/cobra/u/gvargas/code/e++SCv1/buildV1/CMakeFiles/CMakeTmp'


Parsed C implicit link information from above output:
  link line regex: [^( *|.*[/\])(ld|CMAKE_LINK_STARTFILE-NOTFOUND|([^/\]+-)?ld|collect2)[^/\]*( |$)]
  ignore line: [Change Dir: /u/gvargas/code/e++SCv1/buildV1/CMakeFiles/CMakeTmp]
  ignore line: []
  ignore line: [Run Build Command:"/usr/bin/gmake" "cmTC_a09fd/fast"]
  ignore line: [/usr/bin/gmake -f CMakeFiles/cmTC_a09fd.dir/build.make CMakeFiles/cmTC_a09fd.dir/build]
  ignore line: [gmake[1]: Entering directory '/cobra/u/gvargas/code/e++SCv1/buildV1/CMakeFiles/CMakeTmp']
  ignore line: [Building C object CMakeFiles/cmTC_a09fd.dir/CMakeCCompilerABI.c.o]
  ignore line: [/mpcdf/soft/SLE_12_SP3/packages/skylake/intel/18.0.5/bin/icc    -o CMakeFiles/cmTC_a09fd.dir/CMakeCCompilerABI.c.o   -c /u/system/soft/SLE_12_SP3/packages/x86_64/cmake/3.10.2/share/cmake-3.10/Modules/CMakeCCompilerABI.c]
  ignore line: [Linking C executable cmTC_a09fd]
  ignore line: [/u/system/soft/SLE_12_SP3/packages/x86_64/cmake/3.10.2/bin/cmake -E cmake_link_script CMakeFiles/cmTC_a09fd.dir/link.txt --verbose=1]
  ignore line: [/mpcdf/soft/SLE_12_SP3/packages/skylake/intel/18.0.5/bin/icc     -v -rdynamic CMakeFiles/cmTC_a09fd.dir/CMakeCCompilerABI.c.o  -o cmTC_a09fd ]
  ignore line: [icc version 18.0.5 (gcc version 4.8.0 compatibility)]
  ignore line: [/cobra/u/system/soft/SLE_12_SP3/packages/x86_64/intel_parallel_studio/2018.4/compilers_and_libraries_2018.5.274/linux/bin/intel64/mcpcom    -mGLOB_em64t=TRUE -mP1OPT_version=18.0-intel64 -mGLOB_diag_file=CMakeFiles/cmTC_a09fd.dir/CMakeCCompilerABI.c.diag -mGLOB_long_size_64 -mGLOB_routine_pointer_size_64 -mP1OPT_print_version=FALSE -mCG_use_gas_got_workaround=F -mP2OPT_align_option_used=TRUE -mGLOB_gcc_version=480 "-mGLOB_options_string=-Wl,-rpath=/mpcdf/soft/SLE_12_SP3/packages/x86_64/intel_parallel_studio/2018.4/18.0/linux/compiler/lib/intel64 -v -rdynamic -o cmTC_a09fd" -mGLOB_cxx_limited_range=FALSE -mCG_extend_parms=FALSE -mGLOB_compiler_bin_directory=/cobra/u/system/soft/SLE_12_SP3/packages/x86_64/intel_parallel_studio/2018.4/compilers_and_libraries_2018.5.274/linux/bin/intel64 -mGLOB_as_output_backup_file_name=/tmp/iccrFs7Nsas_.s -mGLOB_dashboard_use_source_name -mIPOPT_activate -mGLOB_product_id_code=0x22006d92 -mP3OPT_use_mspp_call_convention -mP2OPT_subs_out_of_bound=FALSE -mP2OPT_disam_type_based_disam=2 -mP2OPT_disam_assume_ansi_c -mP2OPT_checked_disam_ansi_alias=TRUE -mGLOB_ansi_alias -mPGOPTI_value_profile_use=T -mGLOB_opt_report_use_source_name -mP2OPT_il0_array_sections=TRUE -mGLOB_offload_mode=1 -mP2OPT_offload_unique_var_string=icc1866820941XSq7Zt -mP2OPT_hlo -mP2OPT_hpo_rtt_control=0 -mIPOPT_args_in_regs=0 -mP2OPT_disam_assume_nonstd_intent_in=FALSE -mGLOB_imf_mapping_library=/cobra/u/system/soft/SLE_12_SP3/packages/x86_64/intel_parallel_studio/2018.4/compilers_and_libraries_2018.5.274/linux/bin/intel64/libiml_attr.so -mPGOPTI_gen_threadsafe_level=0 -mIPOPT_link -mIPOPT_ipo_activate -mIPOPT_mo_activate -mIPOPT_source_files_list=/tmp/iccslis5fLKN9 -mIPOPT_mo_global_data -mIPOPT_link_script_file=/tmp/iccscriptHbGJsV "-mIPOPT_cmdline_link="/usr/lib64/gcc/x86_64-suse-linux/4.8/../../../../lib64/crt1.o" "/usr/lib64/gcc/x86_64-suse-linux/4.8/../../../../lib64/crti.o" "/usr/lib64/gcc/x86_64-suse-linux/4.8/crtbegin.o" "-export-dynamic" "--eh-frame-hdr" "--build-id" "-dynamic-linker" "/lib64/ld-linux-x86-64.so.2" "-m" "elf_x86_64" "-o" "cmTC_a09fd" "-L/cobra/u/system/soft/SLE_12_SP3/packages/x86_64/intel_parallel_studio/2018.4/compilers_and_libraries_2018.5.274/linux/compiler/lib/intel64_lin" "-L/usr/lib64/gcc/x86_64-suse-linux/4.8/" "-L/usr/lib64/gcc/x86_64-suse-linux/4.8/../../../../lib64" "-L/usr/lib64/gcc/x86_64-suse-linux/4.8/../../../../lib64/" "-L/lib/../lib64" "-L/lib/../lib64/" "-L/usr/lib/../lib64" "-L/usr/lib/../lib64/" "-L/usr/lib64/gcc/x86_64-suse-linux/4.8/../../../../x86_64-suse-linux/lib/" "-L/usr/lib64/gcc/x86_64-suse-linux/4.8/../../../" "-L/lib64" "-L/lib/" "-L/usr/lib64" "-L/usr/lib" "-rpath=/mpcdf/soft/SLE_12_SP3/packages/x86_64/intel_parallel_studio/2018.4/18.0/linux/compiler/lib/intel64" "CMakeFiles/cmTC_a09fd.dir/CMakeCCompilerABI.c.o" "-Bdynamic" "-Bstatic" "-limf" "-lsvml" "-lirng" "-Bdynamic" "-lm" "-Bstatic" "-lipgo" "-ldecimal" "--as-needed" "-Bdynamic" "-lcilkrts" "-lstdc++" "--no-as-needed" "-lgcc" "-lgcc_s" "-Bstatic" "-lirc" "-lsvml" "-Bdynamic" "-lc" "-lgcc" "-lgcc_s" "-Bstatic" "-lirc_s" "-Bdynamic" "-ldl" "-lc" "/usr/lib64/gcc/x86_64-suse-linux/4.8/crtend.o" "/usr/lib64/gcc/x86_64-suse-linux/4.8/../../../../lib64/crtn.o"" -mIPOPT_il_in_obj -mIPOPT_ipo_activate_warn=FALSE -mIPOPT_obj_output_file_name=/tmp/ipo_iccjhu3Px.o -mIPOPT_whole_archive_fixup_file_name=/tmp/iccwarchFcbETL -mGLOB_linker_version=2.31.1.20180828 -mGLOB_driver_tempfile_name=/tmp/icctempfileVmoBBx -mP3OPT_asm_target=P3OPT_ASM_TARGET_GAS -mGLOB_async_unwind_tables=TRUE -mGLOB_obj_output_file=/tmp/ipo_iccjhu3Px.o -mGLOB_source_dialect=GLOB_SOURCE_DIALECT_NONE -mP1OPT_source_file_name=ipo_out.c CMakeFiles/cmTC_a09fd.dir/CMakeCCompilerABI.c.o -mIPOPT_object_files=T -mIPOPT_assembly_files=/tmp/iccalisDX0U94 -mIPOPT_generated_tempfiles=/tmp/iccelislkzROQ -mIPOPT_embedded_object_base_name=/tmp/icceobjzZHOtC -mIPOPT_cmdline_link_new_name=/tmp/iccllisxcrM8n]
  link line: [/usr/lib64/gcc/x86_64-suse-linux/4.8/../../../../x86_64-suse-linux/bin/ld    /usr/lib64/gcc/x86_64-suse-linux/4.8/../../../../lib64/crt1.o /usr/lib64/gcc/x86_64-suse-linux/4.8/../../../../lib64/crti.o /usr/lib64/gcc/x86_64-suse-linux/4.8/crtbegin.o -export-dynamic --eh-frame-hdr --build-id -dynamic-linker /lib64/ld-linux-x86-64.so.2 -m elf_x86_64 -o cmTC_a09fd -L/cobra/u/system/soft/SLE_12_SP3/packages/x86_64/intel_parallel_studio/2018.4/compilers_and_libraries_2018.5.274/linux/compiler/lib/intel64_lin -L/usr/lib64/gcc/x86_64-suse-linux/4.8/ -L/usr/lib64/gcc/x86_64-suse-linux/4.8/../../../../lib64 -L/usr/lib64/gcc/x86_64-suse-linux/4.8/../../../../lib64/ -L/lib/../lib64 -L/lib/../lib64/ -L/usr/lib/../lib64 -L/usr/lib/../lib64/ -L/usr/lib64/gcc/x86_64-suse-linux/4.8/../../../../x86_64-suse-linux/lib/ -L/usr/lib64/gcc/x86_64-suse-linux/4.8/../../../ -L/lib64 -L/lib/ -L/usr/lib64 -L/usr/lib -rpath=/mpcdf/soft/SLE_12_SP3/packages/x86_64/intel_parallel_studio/2018.4/18.0/linux/compiler/lib/intel64 CMakeFiles/cmTC_a09fd.dir/CMakeCCompilerABI.c.o -Bdynamic -Bstatic -limf -lsvml -lirng -Bdynamic -lm -Bstatic -lipgo -ldecimal --as-needed -Bdynamic -lcilkrts -lstdc++ --no-as-needed -lgcc -lgcc_s -Bstatic -lirc -lsvml -Bdynamic -lc -lgcc -lgcc_s -Bstatic -lirc_s -Bdynamic -ldl -lc /usr/lib64/gcc/x86_64-suse-linux/4.8/crtend.o /usr/lib64/gcc/x86_64-suse-linux/4.8/../../../../lib64/crtn.o]
    arg [/usr/lib64/gcc/x86_64-suse-linux/4.8/../../../../x86_64-suse-linux/bin/ld] ==> ignore
    arg [/usr/lib64/gcc/x86_64-suse-linux/4.8/../../../../lib64/crt1.o] ==> ignore
    arg [/usr/lib64/gcc/x86_64-suse-linux/4.8/../../../../lib64/crti.o] ==> ignore
    arg [/usr/lib64/gcc/x86_64-suse-linux/4.8/crtbegin.o] ==> ignore
    arg [-export-dynamic] ==> ignore
    arg [--eh-frame-hdr] ==> ignore
    arg [--build-id] ==> ignore
    arg [-dynamic-linker] ==> ignore
    arg [/lib64/ld-linux-x86-64.so.2] ==> ignore
    arg [-m] ==> ignore
    arg [elf_x86_64] ==> ignore
    arg [-o] ==> ignore
    arg [cmTC_a09fd] ==> ignore
    arg [-L/cobra/u/system/soft/SLE_12_SP3/packages/x86_64/intel_parallel_studio/2018.4/compilers_and_libraries_2018.5.274/linux/compiler/lib/intel64_lin] ==> dir [/cobra/u/system/soft/SLE_12_SP3/packages/x86_64/intel_parallel_studio/2018.4/compilers_and_libraries_2018.5.274/linux/compiler/lib/intel64_lin]
    arg [-L/usr/lib64/gcc/x86_64-suse-linux/4.8/] ==> dir [/usr/lib64/gcc/x86_64-suse-linux/4.8/]
    arg [-L/usr/lib64/gcc/x86_64-suse-linux/4.8/../../../../lib64] ==> dir [/usr/lib64/gcc/x86_64-suse-linux/4.8/../../../../lib64]
    arg [-L/usr/lib64/gcc/x86_64-suse-linux/4.8/../../../../lib64/] ==> dir [/usr/lib64/gcc/x86_64-suse-linux/4.8/../../../../lib64/]
    arg [-L/lib/../lib64] ==> dir [/lib/../lib64]
    arg [-L/lib/../lib64/] ==> dir [/lib/../lib64/]
    arg [-L/usr/lib/../lib64] ==> dir [/usr/lib/../lib64]
    arg [-L/usr/lib/../lib64/] ==> dir [/usr/lib/../lib64/]
    arg [-L/usr/lib64/gcc/x86_64-suse-linux/4.8/../../../../x86_64-suse-linux/lib/] ==> dir [/usr/lib64/gcc/x86_64-suse-linux/4.8/../../../../x86_64-suse-linux/lib/]
    arg [-L/usr/lib64/gcc/x86_64-suse-linux/4.8/../../../] ==> dir [/usr/lib64/gcc/x86_64-suse-linux/4.8/../../../]
    arg [-L/lib64] ==> dir [/lib64]
    arg [-L/lib/] ==> dir [/lib/]
    arg [-L/usr/lib64] ==> dir [/usr/lib64]
    arg [-L/usr/lib] ==> dir [/usr/lib]
    arg [-rpath=/mpcdf/soft/SLE_12_SP3/packages/x86_64/intel_parallel_studio/2018.4/18.0/linux/compiler/lib/intel64] ==> ignore
    arg [CMakeFiles/cmTC_a09fd.dir/CMakeCCompilerABI.c.o] ==> ignore
    arg [-Bdynamic] ==> ignore
    arg [-Bstatic] ==> ignore
    arg [-limf] ==> lib [imf]
    arg [-lsvml] ==> lib [svml]
    arg [-lirng] ==> lib [irng]
    arg [-Bdynamic] ==> ignore
    arg [-lm] ==> lib [m]
    arg [-Bstatic] ==> ignore
    arg [-lipgo] ==> lib [ipgo]
    arg [-ldecimal] ==> lib [decimal]
    arg [--as-needed] ==> ignore
    arg [-Bdynamic] ==> ignore
    arg [-lcilkrts] ==> lib [cilkrts]
    arg [-lstdc++] ==> lib [stdc++]
    arg [--no-as-needed] ==> ignore
    arg [-lgcc] ==> lib [gcc]
    arg [-lgcc_s] ==> lib [gcc_s]
    arg [-Bstatic] ==> ignore
    arg [-lirc] ==> lib [irc]
    arg [-lsvml] ==> lib [svml]
    arg [-Bdynamic] ==> ignore
    arg [-lc] ==> lib [c]
    arg [-lgcc] ==> lib [gcc]
    arg [-lgcc_s] ==> lib [gcc_s]
    arg [-Bstatic] ==> ignore
    arg [-lirc_s] ==> lib [irc_s]
    arg [-Bdynamic] ==> ignore
    arg [-ldl] ==> lib [dl]
    arg [-lc] ==> lib [c]
    arg [/usr/lib64/gcc/x86_64-suse-linux/4.8/crtend.o] ==> ignore
    arg [/usr/lib64/gcc/x86_64-suse-linux/4.8/../../../../lib64/crtn.o] ==> ignore
  collapse library dir [/cobra/u/system/soft/SLE_12_SP3/packages/x86_64/intel_parallel_studio/2018.4/compilers_and_libraries_2018.5.274/linux/compiler/lib/intel64_lin] ==> [/u/system/soft/SLE_12_SP3/packages/x86_64/intel_parallel_studio/2018.4/compilers_and_libraries_2018.5.274/linux/compiler/lib/intel64_lin]
  collapse library dir [/usr/lib64/gcc/x86_64-suse-linux/4.8/] ==> [/usr/lib64/gcc/x86_64-suse-linux/4.8]
  collapse library dir [/usr/lib64/gcc/x86_64-suse-linux/4.8/../../../../lib64] ==> [/usr/lib64]
  collapse library dir [/usr/lib64/gcc/x86_64-suse-linux/4.8/../../../../lib64/] ==> [/usr/lib64]
  collapse library dir [/lib/../lib64] ==> [/lib64]
  collapse library dir [/lib/../lib64/] ==> [/lib64]
  collapse library dir [/usr/lib/../lib64] ==> [/usr/lib64]
  collapse library dir [/usr/lib/../lib64/] ==> [/usr/lib64]
  collapse library dir [/usr/lib64/gcc/x86_64-suse-linux/4.8/../../../../x86_64-suse-linux/lib/] ==> [/usr/x86_64-suse-linux/lib]
  collapse library dir [/usr/lib64/gcc/x86_64-suse-linux/4.8/../../../] ==> [/usr/lib64]
  collapse library dir [/lib64] ==> [/lib64]
  collapse library dir [/lib/] ==> [/lib]
  collapse library dir [/usr/lib64] ==> [/usr/lib64]
  collapse library dir [/usr/lib] ==> [/usr/lib]
  implicit libs: [imf;svml;irng;m;ipgo;decimal;cilkrts;stdc++;gcc;gcc_s;irc;svml;c;gcc;gcc_s;irc_s;dl;c]
  implicit dirs: [/u/system/soft/SLE_12_SP3/packages/x86_64/intel_parallel_studio/2018.4/compilers_and_libraries_2018.5.274/linux/compiler/lib/intel64_lin;/usr/lib64/gcc/x86_64-suse-linux/4.8;/usr/lib64;/lib64;/usr/x86_64-suse-linux/lib;/lib;/usr/lib]
  implicit fwks: []




Detecting C [-std=c11] compiler features compiled with the following output:
Change Dir: /u/gvargas/code/e++SCv1/buildV1/CMakeFiles/CMakeTmp

Run Build Command:"/usr/bin/gmake" "cmTC_0c7b8/fast"
/usr/bin/gmake -f CMakeFiles/cmTC_0c7b8.dir/build.make CMakeFiles/cmTC_0c7b8.dir/build
gmake[1]: Entering directory '/cobra/u/gvargas/code/e++SCv1/buildV1/CMakeFiles/CMakeTmp'
Building C object CMakeFiles/cmTC_0c7b8.dir/feature_tests.c.o
/mpcdf/soft/SLE_12_SP3/packages/skylake/intel/18.0.5/bin/icc   -std=c11 -o CMakeFiles/cmTC_0c7b8.dir/feature_tests.c.o   -c /u/gvargas/code/e++SCv1/buildV1/CMakeFiles/feature_tests.c
Linking C executable cmTC_0c7b8
/u/system/soft/SLE_12_SP3/packages/x86_64/cmake/3.10.2/bin/cmake -E cmake_link_script CMakeFiles/cmTC_0c7b8.dir/link.txt --verbose=1
/mpcdf/soft/SLE_12_SP3/packages/skylake/intel/18.0.5/bin/icc      -rdynamic CMakeFiles/cmTC_0c7b8.dir/feature_tests.c.o  -o cmTC_0c7b8 
gmake[1]: Leaving directory '/cobra/u/gvargas/code/e++SCv1/buildV1/CMakeFiles/CMakeTmp'


    Feature record: C_FEATURE:1c_function_prototypes
    Feature record: C_FEATURE:1c_restrict
    Feature record: C_FEATURE:1c_static_assert
    Feature record: C_FEATURE:1c_variadic_macros


Detecting C [-std=c99] compiler features compiled with the following output:
Change Dir: /u/gvargas/code/e++SCv1/buildV1/CMakeFiles/CMakeTmp

Run Build Command:"/usr/bin/gmake" "cmTC_00ccf/fast"
/usr/bin/gmake -f CMakeFiles/cmTC_00ccf.dir/build.make CMakeFiles/cmTC_00ccf.dir/build
gmake[1]: Entering directory '/cobra/u/gvargas/code/e++SCv1/buildV1/CMakeFiles/CMakeTmp'
Building C object CMakeFiles/cmTC_00ccf.dir/feature_tests.c.o
/mpcdf/soft/SLE_12_SP3/packages/skylake/intel/18.0.5/bin/icc   -std=c99 -o CMakeFiles/cmTC_00ccf.dir/feature_tests.c.o   -c /u/gvargas/code/e++SCv1/buildV1/CMakeFiles/feature_tests.c
Linking C executable cmTC_00ccf
/u/system/soft/SLE_12_SP3/packages/x86_64/cmake/3.10.2/bin/cmake -E cmake_link_script CMakeFiles/cmTC_00ccf.dir/link.txt --verbose=1
/mpcdf/soft/SLE_12_SP3/packages/skylake/intel/18.0.5/bin/icc      -rdynamic CMakeFiles/cmTC_00ccf.dir/feature_tests.c.o  -o cmTC_00ccf 
gmake[1]: Leaving directory '/cobra/u/gvargas/code/e++SCv1/buildV1/CMakeFiles/CMakeTmp'


    Feature record: C_FEATURE:1c_function_prototypes
    Feature record: C_FEATURE:1c_restrict
    Feature record: C_FEATURE:1c_static_assert
    Feature record: C_FEATURE:1c_variadic_macros


Detecting C [-std=c89] compiler features compiled with the following output:
Change Dir: /u/gvargas/code/e++SCv1/buildV1/CMakeFiles/CMakeTmp

Run Build Command:"/usr/bin/gmake" "cmTC_d8b78/fast"
/usr/bin/gmake -f CMakeFiles/cmTC_d8b78.dir/build.make CMakeFiles/cmTC_d8b78.dir/build
gmake[1]: Entering directory '/cobra/u/gvargas/code/e++SCv1/buildV1/CMakeFiles/CMakeTmp'
Building C object CMakeFiles/cmTC_d8b78.dir/feature_tests.c.o
/mpcdf/soft/SLE_12_SP3/packages/skylake/intel/18.0.5/bin/icc   -std=c89 -o CMakeFiles/cmTC_d8b78.dir/feature_tests.c.o   -c /u/gvargas/code/e++SCv1/buildV1/CMakeFiles/feature_tests.c
Linking C executable cmTC_d8b78
/u/system/soft/SLE_12_SP3/packages/x86_64/cmake/3.10.2/bin/cmake -E cmake_link_script CMakeFiles/cmTC_d8b78.dir/link.txt --verbose=1
/mpcdf/soft/SLE_12_SP3/packages/skylake/intel/18.0.5/bin/icc      -rdynamic CMakeFiles/cmTC_d8b78.dir/feature_tests.c.o  -o cmTC_d8b78 
gmake[1]: Leaving directory '/cobra/u/gvargas/code/e++SCv1/buildV1/CMakeFiles/CMakeTmp'


    Feature record: C_FEATURE:1c_function_prototypes
    Feature record: C_FEATURE:0c_restrict
    Feature record: C_FEATURE:0c_static_assert
    Feature record: C_FEATURE:0c_variadic_macros
Determining if the CXX compiler works passed with the following output:
Change Dir: /u/gvargas/code/e++SCv1/buildV1/CMakeFiles/CMakeTmp

Run Build Command:"/usr/bin/gmake" "cmTC_38215/fast"
/usr/bin/gmake -f CMakeFiles/cmTC_38215.dir/build.make CMakeFiles/cmTC_38215.dir/build
gmake[1]: Entering directory '/cobra/u/gvargas/code/e++SCv1/buildV1/CMakeFiles/CMakeTmp'
Building CXX object CMakeFiles/cmTC_38215.dir/testCXXCompiler.cxx.o
/mpcdf/soft/SLE_12_SP3/packages/skylake/intel/18.0.5/bin/icpc     -o CMakeFiles/cmTC_38215.dir/testCXXCompiler.cxx.o -c /u/gvargas/code/e++SCv1/buildV1/CMakeFiles/CMakeTmp/testCXXCompiler.cxx
Linking CXX executable cmTC_38215
/u/system/soft/SLE_12_SP3/packages/x86_64/cmake/3.10.2/bin/cmake -E cmake_link_script CMakeFiles/cmTC_38215.dir/link.txt --verbose=1
/mpcdf/soft/SLE_12_SP3/packages/skylake/intel/18.0.5/bin/icpc       -rdynamic CMakeFiles/cmTC_38215.dir/testCXXCompiler.cxx.o  -o cmTC_38215 
gmake[1]: Leaving directory '/cobra/u/gvargas/code/e++SCv1/buildV1/CMakeFiles/CMakeTmp'


Detecting CXX compiler ABI info compiled with the following output:
Change Dir: /u/gvargas/code/e++SCv1/buildV1/CMakeFiles/CMakeTmp

Run Build Command:"/usr/bin/gmake" "cmTC_167cd/fast"
/usr/bin/gmake -f CMakeFiles/cmTC_167cd.dir/build.make CMakeFiles/cmTC_167cd.dir/build
gmake[1]: Entering directory '/cobra/u/gvargas/code/e++SCv1/buildV1/CMakeFiles/CMakeTmp'
Building CXX object CMakeFiles/cmTC_167cd.dir/CMakeCXXCompilerABI.cpp.o
/mpcdf/soft/SLE_12_SP3/packages/skylake/intel/18.0.5/bin/icpc     -o CMakeFiles/cmTC_167cd.dir/CMakeCXXCompilerABI.cpp.o -c /u/system/soft/SLE_12_SP3/packages/x86_64/cmake/3.10.2/share/cmake-3.10/Modules/CMakeCXXCompilerABI.cpp
Linking CXX executable cmTC_167cd
/u/system/soft/SLE_12_SP3/packages/x86_64/cmake/3.10.2/bin/cmake -E cmake_link_script CMakeFiles/cmTC_167cd.dir/link.txt --verbose=1
/mpcdf/soft/SLE_12_SP3/packages/skylake/intel/18.0.5/bin/icpc      -v -rdynamic CMakeFiles/cmTC_167cd.dir/CMakeCXXCompilerABI.cpp.o  -o cmTC_167cd 
icpc version 18.0.5 (gcc version 4.8.0 compatibility)
/cobra/u/system/soft/SLE_12_SP3/packages/x86_64/intel_parallel_studio/2018.4/compilers_and_libraries_2018.5.274/linux/bin/intel64/mcpcom    -mGLOB_em64t=TRUE -mP1OPT_version=18.0-intel64 -mGLOB_diag_file=CMakeFiles/cmTC_167cd.dir/CMakeCXXCompilerABI.cpp.diag -mGLOB_long_size_64 -mGLOB_routine_pointer_size_64 -mP1OPT_print_version=FALSE -mCG_use_gas_got_workaround=F -mP2OPT_align_option_used=TRUE -mGLOB_gcc_version=480 "-mGLOB_options_string=-Wl,-rpath=/mpcdf/soft/SLE_12_SP3/packages/x86_64/intel_parallel_studio/2018.4/18.0/linux/compiler/lib/intel64 -v -rdynamic -o cmTC_167cd" -mGLOB_cxx_limited_range=FALSE -mCG_extend_parms=FALSE -mGLOB_compiler_bin_directory=/cobra/u/system/soft/SLE_12_SP3/packages/x86_64/intel_parallel_studio/2018.4/compilers_and_libraries_2018.5.274/linux/bin/intel64 -mGLOB_as_output_backup_file_name=/tmp/icpcWgQ5vhas_.s -mGLOB_dashboard_use_source_name -mIPOPT_activate -mGLOB_product_id_code=0x22006d8f -mP3OPT_use_mspp_call_convention -mP2OPT_subs_out_of_bound=FALSE -mP2OPT_disam_type_based_disam=2 -mP2OPT_disam_assume_ansi_c -mP2OPT_checked_disam_ansi_alias=TRUE -mGLOB_ansi_alias -mPGOPTI_value_profile_use=T -mGLOB_opt_report_use_source_name -mP2OPT_il0_array_sections=TRUE -mGLOB_offload_mode=1 -mP2OPT_offload_unique_var_string=icpc1077570971e21JYQ -mP2OPT_hlo -mP2OPT_hpo_rtt_control=0 -mIPOPT_args_in_regs=0 -mP2OPT_disam_assume_nonstd_intent_in=FALSE -mGLOB_imf_mapping_library=/cobra/u/system/soft/SLE_12_SP3/packages/x86_64/intel_parallel_studio/2018.4/compilers_and_libraries_2018.5.274/linux/bin/intel64/libiml_attr.so -mPGOPTI_gen_threadsafe_level=0 -mIPOPT_link -mIPOPT_ipo_activate -mIPOPT_mo_activate -mIPOPT_source_files_list=/tmp/icpcslisvy0o0G -mIPOPT_mo_global_data -mIPOPT_link_script_file=/tmp/icpcscript2Inbvy "-mIPOPT_cmdline_link="/usr/lib64/gcc/x86_64-suse-linux/4.8/../../../../lib64/crt1.o" "/usr/lib64/gcc/x86_64-suse-linux/4.8/../../../../lib64/crti.o" "/usr/lib64/gcc/x86_64-suse-linux/4.8/crtbegin.o" "-export-dynamic" "--eh-frame-hdr" "--build-id" "-dynamic-linker" "/lib64/ld-linux-x86-64.so.2" "-m" "elf_x86_64" "-o" "cmTC_167cd" "-L/cobra/u/system/soft/SLE_12_SP3/packages/x86_64/intel_parallel_studio/2018.4/compilers_and_libraries_2018.5.274/linux/compiler/lib/intel64_lin" "-L/usr/lib64/gcc/x86_64-suse-linux/4.8/" "-L/usr/lib64/gcc/x86_64-suse-linux/4.8/../../../../lib64" "-L/usr/lib64/gcc/x86_64-suse-linux/4.8/../../../../lib64/" "-L/lib/../lib64" "-L/lib/../lib64/" "-L/usr/lib/../lib64" "-L/usr/lib/../lib64/" "-L/usr/lib64/gcc/x86_64-suse-linux/4.8/../../../../x86_64-suse-linux/lib/" "-L/usr/lib64/gcc/x86_64-suse-linux/4.8/../../../" "-L/lib64" "-L/lib/" "-L/usr/lib64" "-L/usr/lib" "-rpath=/mpcdf/soft/SLE_12_SP3/packages/x86_64/intel_parallel_studio/2018.4/18.0/linux/compiler/lib/intel64" "CMakeFiles/cmTC_167cd.dir/CMakeCXXCompilerABI.cpp.o" "-Bdynamic" "-Bstatic" "-limf" "-lsvml" "-lirng" "-Bdynamic" "-lstdc++" "-lm" "-Bstatic" "-lipgo" "-ldecimal" "--as-needed" "-Bdynamic" "-lcilkrts" "--no-as-needed" "-lstdc++" "-lgcc" "-lgcc_s" "-Bstatic" "-lirc" "-lsvml" "-Bdynamic" "-lc" "-lgcc" "-lgcc_s" "-Bstatic" "-lirc_s" "-Bdynamic" "-ldl" "-lc" "/usr/lib64/gcc/x86_64-suse-linux/4.8/crtend.o" "/usr/lib64/gcc/x86_64-suse-linux/4.8/../../../../lib64/crtn.o"" -mIPOPT_il_in_obj -mIPOPT_ipo_activate_warn=FALSE -mIPOPT_obj_output_file_name=/tmp/ipo_icpcN8FR1v.o -mIPOPT_whole_archive_fixup_file_name=/tmp/icpcwarch1BXJ6R -mGLOB_linker_version=2.31.1.20180828 -mGLOB_driver_tempfile_name=/tmp/icpctempfilem4GoEJ -mP3OPT_asm_target=P3OPT_ASM_TARGET_GAS -mGLOB_async_unwind_tables=TRUE -mGLOB_obj_output_file=/tmp/ipo_icpcN8FR1v.o -mGLOB_source_dialect=GLOB_SOURCE_DIALECT_NONE -mP1OPT_source_file_name=ipo_out.c CMakeFiles/cmTC_167cd.dir/CMakeCXXCompilerABI.cpp.o -mIPOPT_object_files=T -mIPOPT_assembly_files=/tmp/icpcalisJhdl1e -mIPOPT_generated_tempfiles=/tmp/icpcelisGdM5v6 -mIPOPT_embedded_object_base_name=/tmp/icpceobjdAVQ0X -mIPOPT_cmdline_link_new_name=/tmp/icpcllisSIFCvP
/usr/lib64/gcc/x86_64-suse-linux/4.8/../../../../x86_64-suse-linux/bin/ld    /usr/lib64/gcc/x86_64-suse-linux/4.8/../../../../lib64/crt1.o /usr/lib64/gcc/x86_64-suse-linux/4.8/../../../../lib64/crti.o /usr/lib64/gcc/x86_64-suse-linux/4.8/crtbegin.o -export-dynamic --eh-frame-hdr --build-id -dynamic-linker /lib64/ld-linux-x86-64.so.2 -m elf_x86_64 -o cmTC_167cd -L/cobra/u/system/soft/SLE_12_SP3/packages/x86_64/intel_parallel_studio/2018.4/compilers_and_libraries_2018.5.274/linux/compiler/lib/intel64_lin -L/usr/lib64/gcc/x86_64-suse-linux/4.8/ -L/usr/lib64/gcc/x86_64-suse-linux/4.8/../../../../lib64 -L/usr/lib64/gcc/x86_64-suse-linux/4.8/../../../../lib64/ -L/lib/../lib64 -L/lib/../lib64/ -L/usr/lib/../lib64 -L/usr/lib/../lib64/ -L/usr/lib64/gcc/x86_64-suse-linux/4.8/../../../../x86_64-suse-linux/lib/ -L/usr/lib64/gcc/x86_64-suse-linux/4.8/../../../ -L/lib64 -L/lib/ -L/usr/lib64 -L/usr/lib -rpath=/mpcdf/soft/SLE_12_SP3/packages/x86_64/intel_parallel_studio/2018.4/18.0/linux/compiler/lib/intel64 CMakeFiles/cmTC_167cd.dir/CMakeCXXCompilerABI.cpp.o -Bdynamic -Bstatic -limf -lsvml -lirng -Bdynamic -lstdc++ -lm -Bstatic -lipgo -ldecimal --as-needed -Bdynamic -lcilkrts --no-as-needed -lstdc++ -lgcc -lgcc_s -Bstatic -lirc -lsvml -Bdynamic -lc -lgcc -lgcc_s -Bstatic -lirc_s -Bdynamic -ldl -lc /usr/lib64/gcc/x86_64-suse-linux/4.8/crtend.o /usr/lib64/gcc/x86_64-suse-linux/4.8/../../../../lib64/crtn.o
gmake[1]: Leaving directory '/cobra/u/gvargas/code/e++SCv1/buildV1/CMakeFiles/CMakeTmp'


Parsed CXX implicit link information from above output:
  link line regex: [^( *|.*[/\])(ld|CMAKE_LINK_STARTFILE-NOTFOUND|([^/\]+-)?ld|collect2)[^/\]*( |$)]
  ignore line: [Change Dir: /u/gvargas/code/e++SCv1/buildV1/CMakeFiles/CMakeTmp]
  ignore line: []
  ignore line: [Run Build Command:"/usr/bin/gmake" "cmTC_167cd/fast"]
  ignore line: [/usr/bin/gmake -f CMakeFiles/cmTC_167cd.dir/build.make CMakeFiles/cmTC_167cd.dir/build]
  ignore line: [gmake[1]: Entering directory '/cobra/u/gvargas/code/e++SCv1/buildV1/CMakeFiles/CMakeTmp']
  ignore line: [Building CXX object CMakeFiles/cmTC_167cd.dir/CMakeCXXCompilerABI.cpp.o]
  ignore line: [/mpcdf/soft/SLE_12_SP3/packages/skylake/intel/18.0.5/bin/icpc     -o CMakeFiles/cmTC_167cd.dir/CMakeCXXCompilerABI.cpp.o -c /u/system/soft/SLE_12_SP3/packages/x86_64/cmake/3.10.2/share/cmake-3.10/Modules/CMakeCXXCompilerABI.cpp]
  ignore line: [Linking CXX executable cmTC_167cd]
  ignore line: [/u/system/soft/SLE_12_SP3/packages/x86_64/cmake/3.10.2/bin/cmake -E cmake_link_script CMakeFiles/cmTC_167cd.dir/link.txt --verbose=1]
  ignore line: [/mpcdf/soft/SLE_12_SP3/packages/skylake/intel/18.0.5/bin/icpc      -v -rdynamic CMakeFiles/cmTC_167cd.dir/CMakeCXXCompilerABI.cpp.o  -o cmTC_167cd ]
  ignore line: [icpc version 18.0.5 (gcc version 4.8.0 compatibility)]
  ignore line: [/cobra/u/system/soft/SLE_12_SP3/packages/x86_64/intel_parallel_studio/2018.4/compilers_and_libraries_2018.5.274/linux/bin/intel64/mcpcom    -mGLOB_em64t=TRUE -mP1OPT_version=18.0-intel64 -mGLOB_diag_file=CMakeFiles/cmTC_167cd.dir/CMakeCXXCompilerABI.cpp.diag -mGLOB_long_size_64 -mGLOB_routine_pointer_size_64 -mP1OPT_print_version=FALSE -mCG_use_gas_got_workaround=F -mP2OPT_align_option_used=TRUE -mGLOB_gcc_version=480 "-mGLOB_options_string=-Wl,-rpath=/mpcdf/soft/SLE_12_SP3/packages/x86_64/intel_parallel_studio/2018.4/18.0/linux/compiler/lib/intel64 -v -rdynamic -o cmTC_167cd" -mGLOB_cxx_limited_range=FALSE -mCG_extend_parms=FALSE -mGLOB_compiler_bin_directory=/cobra/u/system/soft/SLE_12_SP3/packages/x86_64/intel_parallel_studio/2018.4/compilers_and_libraries_2018.5.274/linux/bin/intel64 -mGLOB_as_output_backup_file_name=/tmp/icpcWgQ5vhas_.s -mGLOB_dashboard_use_source_name -mIPOPT_activate -mGLOB_product_id_code=0x22006d8f -mP3OPT_use_mspp_call_convention -mP2OPT_subs_out_of_bound=FALSE -mP2OPT_disam_type_based_disam=2 -mP2OPT_disam_assume_ansi_c -mP2OPT_checked_disam_ansi_alias=TRUE -mGLOB_ansi_alias -mPGOPTI_value_profile_use=T -mGLOB_opt_report_use_source_name -mP2OPT_il0_array_sections=TRUE -mGLOB_offload_mode=1 -mP2OPT_offload_unique_var_string=icpc1077570971e21JYQ -mP2OPT_hlo -mP2OPT_hpo_rtt_control=0 -mIPOPT_args_in_regs=0 -mP2OPT_disam_assume_nonstd_intent_in=FALSE -mGLOB_imf_mapping_library=/cobra/u/system/soft/SLE_12_SP3/packages/x86_64/intel_parallel_studio/2018.4/compilers_and_libraries_2018.5.274/linux/bin/intel64/libiml_attr.so -mPGOPTI_gen_threadsafe_level=0 -mIPOPT_link -mIPOPT_ipo_activate -mIPOPT_mo_activate -mIPOPT_source_files_list=/tmp/icpcslisvy0o0G -mIPOPT_mo_global_data -mIPOPT_link_script_file=/tmp/icpcscript2Inbvy "-mIPOPT_cmdline_link="/usr/lib64/gcc/x86_64-suse-linux/4.8/../../../../lib64/crt1.o" "/usr/lib64/gcc/x86_64-suse-linux/4.8/../../../../lib64/crti.o" "/usr/lib64/gcc/x86_64-suse-linux/4.8/crtbegin.o" "-export-dynamic" "--eh-frame-hdr" "--build-id" "-dynamic-linker" "/lib64/ld-linux-x86-64.so.2" "-m" "elf_x86_64" "-o" "cmTC_167cd" "-L/cobra/u/system/soft/SLE_12_SP3/packages/x86_64/intel_parallel_studio/2018.4/compilers_and_libraries_2018.5.274/linux/compiler/lib/intel64_lin" "-L/usr/lib64/gcc/x86_64-suse-linux/4.8/" "-L/usr/lib64/gcc/x86_64-suse-linux/4.8/../../../../lib64" "-L/usr/lib64/gcc/x86_64-suse-linux/4.8/../../../../lib64/" "-L/lib/../lib64" "-L/lib/../lib64/" "-L/usr/lib/../lib64" "-L/usr/lib/../lib64/" "-L/usr/lib64/gcc/x86_64-suse-linux/4.8/../../../../x86_64-suse-linux/lib/" "-L/usr/lib64/gcc/x86_64-suse-linux/4.8/../../../" "-L/lib64" "-L/lib/" "-L/usr/lib64" "-L/usr/lib" "-rpath=/mpcdf/soft/SLE_12_SP3/packages/x86_64/intel_parallel_studio/2018.4/18.0/linux/compiler/lib/intel64" "CMakeFiles/cmTC_167cd.dir/CMakeCXXCompilerABI.cpp.o" "-Bdynamic" "-Bstatic" "-limf" "-lsvml" "-lirng" "-Bdynamic" "-lstdc++" "-lm" "-Bstatic" "-lipgo" "-ldecimal" "--as-needed" "-Bdynamic" "-lcilkrts" "--no-as-needed" "-lstdc++" "-lgcc" "-lgcc_s" "-Bstatic" "-lirc" "-lsvml" "-Bdynamic" "-lc" "-lgcc" "-lgcc_s" "-Bstatic" "-lirc_s" "-Bdynamic" "-ldl" "-lc" "/usr/lib64/gcc/x86_64-suse-linux/4.8/crtend.o" "/usr/lib64/gcc/x86_64-suse-linux/4.8/../../../../lib64/crtn.o"" -mIPOPT_il_in_obj -mIPOPT_ipo_activate_warn=FALSE -mIPOPT_obj_output_file_name=/tmp/ipo_icpcN8FR1v.o -mIPOPT_whole_archive_fixup_file_name=/tmp/icpcwarch1BXJ6R -mGLOB_linker_version=2.31.1.20180828 -mGLOB_driver_tempfile_name=/tmp/icpctempfilem4GoEJ -mP3OPT_asm_target=P3OPT_ASM_TARGET_GAS -mGLOB_async_unwind_tables=TRUE -mGLOB_obj_output_file=/tmp/ipo_icpcN8FR1v.o -mGLOB_source_dialect=GLOB_SOURCE_DIALECT_NONE -mP1OPT_source_file_name=ipo_out.c CMakeFiles/cmTC_167cd.dir/CMakeCXXCompilerABI.cpp.o -mIPOPT_object_files=T -mIPOPT_assembly_files=/tmp/icpcalisJhdl1e -mIPOPT_generated_tempfiles=/tmp/icpcelisGdM5v6 -mIPOPT_embedded_object_base_name=/tmp/icpceobjdAVQ0X -mIPOPT_cmdline_link_new_name=/tmp/icpcllisSIFCvP]
  link line: [/usr/lib64/gcc/x86_64-suse-linux/4.8/../../../../x86_64-suse-linux/bin/ld    /usr/lib64/gcc/x86_64-suse-linux/4.8/../../../../lib64/crt1.o /usr/lib64/gcc/x86_64-suse-linux/4.8/../../../../lib64/crti.o /usr/lib64/gcc/x86_64-suse-linux/4.8/crtbegin.o -export-dynamic --eh-frame-hdr --build-id -dynamic-linker /lib64/ld-linux-x86-64.so.2 -m elf_x86_64 -o cmTC_167cd -L/cobra/u/system/soft/SLE_12_SP3/packages/x86_64/intel_parallel_studio/2018.4/compilers_and_libraries_2018.5.274/linux/compiler/lib/intel64_lin -L/usr/lib64/gcc/x86_64-suse-linux/4.8/ -L/usr/lib64/gcc/x86_64-suse-linux/4.8/../../../../lib64 -L/usr/lib64/gcc/x86_64-suse-linux/4.8/../../../../lib64/ -L/lib/../lib64 -L/lib/../lib64/ -L/usr/lib/../lib64 -L/usr/lib/../lib64/ -L/usr/lib64/gcc/x86_64-suse-linux/4.8/../../../../x86_64-suse-linux/lib/ -L/usr/lib64/gcc/x86_64-suse-linux/4.8/../../../ -L/lib64 -L/lib/ -L/usr/lib64 -L/usr/lib -rpath=/mpcdf/soft/SLE_12_SP3/packages/x86_64/intel_parallel_studio/2018.4/18.0/linux/compiler/lib/intel64 CMakeFiles/cmTC_167cd.dir/CMakeCXXCompilerABI.cpp.o -Bdynamic -Bstatic -limf -lsvml -lirng -Bdynamic -lstdc++ -lm -Bstatic -lipgo -ldecimal --as-needed -Bdynamic -lcilkrts --no-as-needed -lstdc++ -lgcc -lgcc_s -Bstatic -lirc -lsvml -Bdynamic -lc -lgcc -lgcc_s -Bstatic -lirc_s -Bdynamic -ldl -lc /usr/lib64/gcc/x86_64-suse-linux/4.8/crtend.o /usr/lib64/gcc/x86_64-suse-linux/4.8/../../../../lib64/crtn.o]
    arg [/usr/lib64/gcc/x86_64-suse-linux/4.8/../../../../x86_64-suse-linux/bin/ld] ==> ignore
    arg [/usr/lib64/gcc/x86_64-suse-linux/4.8/../../../../lib64/crt1.o] ==> ignore
    arg [/usr/lib64/gcc/x86_64-suse-linux/4.8/../../../../lib64/crti.o] ==> ignore
    arg [/usr/lib64/gcc/x86_64-suse-linux/4.8/crtbegin.o] ==> ignore
    arg [-export-dynamic] ==> ignore
    arg [--eh-frame-hdr] ==> ignore
    arg [--build-id] ==> ignore
    arg [-dynamic-linker] ==> ignore
    arg [/lib64/ld-linux-x86-64.so.2] ==> ignore
    arg [-m] ==> ignore
    arg [elf_x86_64] ==> ignore
    arg [-o] ==> ignore
    arg [cmTC_167cd] ==> ignore
    arg [-L/cobra/u/system/soft/SLE_12_SP3/packages/x86_64/intel_parallel_studio/2018.4/compilers_and_libraries_2018.5.274/linux/compiler/lib/intel64_lin] ==> dir [/cobra/u/system/soft/SLE_12_SP3/packages/x86_64/intel_parallel_studio/2018.4/compilers_and_libraries_2018.5.274/linux/compiler/lib/intel64_lin]
    arg [-L/usr/lib64/gcc/x86_64-suse-linux/4.8/] ==> dir [/usr/lib64/gcc/x86_64-suse-linux/4.8/]
    arg [-L/usr/lib64/gcc/x86_64-suse-linux/4.8/../../../../lib64] ==> dir [/usr/lib64/gcc/x86_64-suse-linux/4.8/../../../../lib64]
    arg [-L/usr/lib64/gcc/x86_64-suse-linux/4.8/../../../../lib64/] ==> dir [/usr/lib64/gcc/x86_64-suse-linux/4.8/../../../../lib64/]
    arg [-L/lib/../lib64] ==> dir [/lib/../lib64]
    arg [-L/lib/../lib64/] ==> dir [/lib/../lib64/]
    arg [-L/usr/lib/../lib64] ==> dir [/usr/lib/../lib64]
    arg [-L/usr/lib/../lib64/] ==> dir [/usr/lib/../lib64/]
    arg [-L/usr/lib64/gcc/x86_64-suse-linux/4.8/../../../../x86_64-suse-linux/lib/] ==> dir [/usr/lib64/gcc/x86_64-suse-linux/4.8/../../../../x86_64-suse-linux/lib/]
    arg [-L/usr/lib64/gcc/x86_64-suse-linux/4.8/../../../] ==> dir [/usr/lib64/gcc/x86_64-suse-linux/4.8/../../../]
    arg [-L/lib64] ==> dir [/lib64]
    arg [-L/lib/] ==> dir [/lib/]
    arg [-L/usr/lib64] ==> dir [/usr/lib64]
    arg [-L/usr/lib] ==> dir [/usr/lib]
    arg [-rpath=/mpcdf/soft/SLE_12_SP3/packages/x86_64/intel_parallel_studio/2018.4/18.0/linux/compiler/lib/intel64] ==> ignore
    arg [CMakeFiles/cmTC_167cd.dir/CMakeCXXCompilerABI.cpp.o] ==> ignore
    arg [-Bdynamic] ==> ignore
    arg [-Bstatic] ==> ignore
    arg [-limf] ==> lib [imf]
    arg [-lsvml] ==> lib [svml]
    arg [-lirng] ==> lib [irng]
    arg [-Bdynamic] ==> ignore
    arg [-lstdc++] ==> lib [stdc++]
    arg [-lm] ==> lib [m]
    arg [-Bstatic] ==> ignore
    arg [-lipgo] ==> lib [ipgo]
    arg [-ldecimal] ==> lib [decimal]
    arg [--as-needed] ==> ignore
    arg [-Bdynamic] ==> ignore
    arg [-lcilkrts] ==> lib [cilkrts]
    arg [--no-as-needed] ==> ignore
    arg [-lstdc++] ==> lib [stdc++]
    arg [-lgcc] ==> lib [gcc]
    arg [-lgcc_s] ==> lib [gcc_s]
    arg [-Bstatic] ==> ignore
    arg [-lirc] ==> lib [irc]
    arg [-lsvml] ==> lib [svml]
    arg [-Bdynamic] ==> ignore
    arg [-lc] ==> lib [c]
    arg [-lgcc] ==> lib [gcc]
    arg [-lgcc_s] ==> lib [gcc_s]
    arg [-Bstatic] ==> ignore
    arg [-lirc_s] ==> lib [irc_s]
    arg [-Bdynamic] ==> ignore
    arg [-ldl] ==> lib [dl]
    arg [-lc] ==> lib [c]
    arg [/usr/lib64/gcc/x86_64-suse-linux/4.8/crtend.o] ==> ignore
    arg [/usr/lib64/gcc/x86_64-suse-linux/4.8/../../../../lib64/crtn.o] ==> ignore
  collapse library dir [/cobra/u/system/soft/SLE_12_SP3/packages/x86_64/intel_parallel_studio/2018.4/compilers_and_libraries_2018.5.274/linux/compiler/lib/intel64_lin] ==> [/u/system/soft/SLE_12_SP3/packages/x86_64/intel_parallel_studio/2018.4/compilers_and_libraries_2018.5.274/linux/compiler/lib/intel64_lin]
  collapse library dir [/usr/lib64/gcc/x86_64-suse-linux/4.8/] ==> [/usr/lib64/gcc/x86_64-suse-linux/4.8]
  collapse library dir [/usr/lib64/gcc/x86_64-suse-linux/4.8/../../../../lib64] ==> [/usr/lib64]
  collapse library dir [/usr/lib64/gcc/x86_64-suse-linux/4.8/../../../../lib64/] ==> [/usr/lib64]
  collapse library dir [/lib/../lib64] ==> [/lib64]
  collapse library dir [/lib/../lib64/] ==> [/lib64]
  collapse library dir [/usr/lib/../lib64] ==> [/usr/lib64]
  collapse library dir [/usr/lib/../lib64/] ==> [/usr/lib64]
  collapse library dir [/usr/lib64/gcc/x86_64-suse-linux/4.8/../../../../x86_64-suse-linux/lib/] ==> [/usr/x86_64-suse-linux/lib]
  collapse library dir [/usr/lib64/gcc/x86_64-suse-linux/4.8/../../../] ==> [/usr/lib64]
  collapse library dir [/lib64] ==> [/lib64]
  collapse library dir [/lib/] ==> [/lib]
  collapse library dir [/usr/lib64] ==> [/usr/lib64]
  collapse library dir [/usr/lib] ==> [/usr/lib]
  implicit libs: [imf;svml;irng;stdc++;m;ipgo;decimal;cilkrts;stdc++;gcc;gcc_s;irc;svml;c;gcc;gcc_s;irc_s;dl;c]
  implicit dirs: [/u/system/soft/SLE_12_SP3/packages/x86_64/intel_parallel_studio/2018.4/compilers_and_libraries_2018.5.274/linux/compiler/lib/intel64_lin;/usr/lib64/gcc/x86_64-suse-linux/4.8;/usr/lib64;/lib64;/usr/x86_64-suse-linux/lib;/lib;/usr/lib]
  implicit fwks: []




Detecting CXX [-std=c++14] compiler features compiled with the following output:
Change Dir: /u/gvargas/code/e++SCv1/buildV1/CMakeFiles/CMakeTmp

Run Build Command:"/usr/bin/gmake" "cmTC_f7297/fast"
/usr/bin/gmake -f CMakeFiles/cmTC_f7297.dir/build.make CMakeFiles/cmTC_f7297.dir/build
gmake[1]: Entering directory '/cobra/u/gvargas/code/e++SCv1/buildV1/CMakeFiles/CMakeTmp'
Building CXX object CMakeFiles/cmTC_f7297.dir/feature_tests.cxx.o
/mpcdf/soft/SLE_12_SP3/packages/skylake/intel/18.0.5/bin/icpc    -std=c++14 -o CMakeFiles/cmTC_f7297.dir/feature_tests.cxx.o -c /u/gvargas/code/e++SCv1/buildV1/CMakeFiles/feature_tests.cxx
Linking CXX executable cmTC_f7297
/u/system/soft/SLE_12_SP3/packages/x86_64/cmake/3.10.2/bin/cmake -E cmake_link_script CMakeFiles/cmTC_f7297.dir/link.txt --verbose=1
/mpcdf/soft/SLE_12_SP3/packages/skylake/intel/18.0.5/bin/icpc       -rdynamic CMakeFiles/cmTC_f7297.dir/feature_tests.cxx.o  -o cmTC_f7297 
gmake[1]: Leaving directory '/cobra/u/gvargas/code/e++SCv1/buildV1/CMakeFiles/CMakeTmp'


    Feature record: CXX_FEATURE:1cxx_aggregate_default_initializers
    Feature record: CXX_FEATURE:1cxx_alias_templates
    Feature record: CXX_FEATURE:1cxx_alignas
    Feature record: CXX_FEATURE:1cxx_alignof
    Feature record: CXX_FEATURE:1cxx_attributes
    Feature record: CXX_FEATURE:1cxx_attribute_deprecated
    Feature record: CXX_FEATURE:1cxx_auto_type
    Feature record: CXX_FEATURE:1cxx_binary_literals
    Feature record: CXX_FEATURE:1cxx_constexpr
    Feature record: CXX_FEATURE:1cxx_contextual_conversions
    Feature record: CXX_FEATURE:1cxx_decltype
    Feature record: CXX_FEATURE:1cxx_decltype_auto
    Feature record: CXX_FEATURE:1cxx_decltype_incomplete_return_types
    Feature record: CXX_FEATURE:1cxx_default_function_template_args
    Feature record: CXX_FEATURE:1cxx_defaulted_functions
    Feature record: CXX_FEATURE:1cxx_defaulted_move_initializers
    Feature record: CXX_FEATURE:1cxx_delegating_constructors
    Feature record: CXX_FEATURE:1cxx_deleted_functions
    Feature record: CXX_FEATURE:1cxx_digit_separators
    Feature record: CXX_FEATURE:1cxx_enum_forward_declarations
    Feature record: CXX_FEATURE:1cxx_explicit_conversions
    Feature record: CXX_FEATURE:1cxx_extended_friend_declarations
    Feature record: CXX_FEATURE:1cxx_extern_templates
    Feature record: CXX_FEATURE:1cxx_final
    Feature record: CXX_FEATURE:1cxx_func_identifier
    Feature record: CXX_FEATURE:1cxx_generic_lambdas
    Feature record: CXX_FEATURE:1cxx_inheriting_constructors
    Feature record: CXX_FEATURE:1cxx_inline_namespaces
    Feature record: CXX_FEATURE:1cxx_lambdas
    Feature record: CXX_FEATURE:1cxx_lambda_init_captures
    Feature record: CXX_FEATURE:1cxx_local_type_template_args
    Feature record: CXX_FEATURE:1cxx_long_long_type
    Feature record: CXX_FEATURE:1cxx_noexcept
    Feature record: CXX_FEATURE:1cxx_nonstatic_member_init
    Feature record: CXX_FEATURE:1cxx_nullptr
    Feature record: CXX_FEATURE:1cxx_override
    Feature record: CXX_FEATURE:1cxx_range_for
    Feature record: CXX_FEATURE:1cxx_raw_string_literals
    Feature record: CXX_FEATURE:1cxx_reference_qualified_functions
    Feature record: CXX_FEATURE:1cxx_relaxed_constexpr
    Feature record: CXX_FEATURE:1cxx_return_type_deduction
    Feature record: CXX_FEATURE:1cxx_right_angle_brackets
    Feature record: CXX_FEATURE:1cxx_rvalue_references
    Feature record: CXX_FEATURE:1cxx_sizeof_member
    Feature record: CXX_FEATURE:1cxx_static_assert
    Feature record: CXX_FEATURE:1cxx_strong_enums
    Feature record: CXX_FEATURE:1cxx_template_template_parameters
    Feature record: CXX_FEATURE:1cxx_thread_local
    Feature record: CXX_FEATURE:1cxx_trailing_return_types
    Feature record: CXX_FEATURE:1cxx_unicode_literals
    Feature record: CXX_FEATURE:1cxx_uniform_initialization
    Feature record: CXX_FEATURE:1cxx_unrestricted_unions
    Feature record: CXX_FEATURE:1cxx_user_literals
    Feature record: CXX_FEATURE:1cxx_variable_templates
    Feature record: CXX_FEATURE:1cxx_variadic_macros
    Feature record: CXX_FEATURE:1cxx_variadic_templates


Detecting CXX [-std=c++11] compiler features compiled with the following output:
Change Dir: /u/gvargas/code/e++SCv1/buildV1/CMakeFiles/CMakeTmp

Run Build Command:"/usr/bin/gmake" "cmTC_9fa2c/fast"
/usr/bin/gmake -f CMakeFiles/cmTC_9fa2c.dir/build.make CMakeFiles/cmTC_9fa2c.dir/build
gmake[1]: Entering directory '/cobra/u/gvargas/code/e++SCv1/buildV1/CMakeFiles/CMakeTmp'
Building CXX object CMakeFiles/cmTC_9fa2c.dir/feature_tests.cxx.o
/mpcdf/soft/SLE_12_SP3/packages/skylake/intel/18.0.5/bin/icpc    -std=c++11 -o CMakeFiles/cmTC_9fa2c.dir/feature_tests.cxx.o -c /u/gvargas/code/e++SCv1/buildV1/CMakeFiles/feature_tests.cxx
Linking CXX executable cmTC_9fa2c
/u/system/soft/SLE_12_SP3/packages/x86_64/cmake/3.10.2/bin/cmake -E cmake_link_script CMakeFiles/cmTC_9fa2c.dir/link.txt --verbose=1
/mpcdf/soft/SLE_12_SP3/packages/skylake/intel/18.0.5/bin/icpc       -rdynamic CMakeFiles/cmTC_9fa2c.dir/feature_tests.cxx.o  -o cmTC_9fa2c 
gmake[1]: Leaving directory '/cobra/u/gvargas/code/e++SCv1/buildV1/CMakeFiles/CMakeTmp'


    Feature record: CXX_FEATURE:0cxx_aggregate_default_initializers
    Feature record: CXX_FEATURE:1cxx_alias_templates
    Feature record: CXX_FEATURE:1cxx_alignas
    Feature record: CXX_FEATURE:1cxx_alignof
    Feature record: CXX_FEATURE:1cxx_attributes
    Feature record: CXX_FEATURE:0cxx_attribute_deprecated
    Feature record: CXX_FEATURE:1cxx_auto_type
    Feature record: CXX_FEATURE:1cxx_binary_literals
    Feature record: CXX_FEATURE:1cxx_constexpr
    Feature record: CXX_FEATURE:0cxx_contextual_conversions
    Feature record: CXX_FEATURE:1cxx_decltype
    Feature record: CXX_FEATURE:0cxx_decltype_auto
    Feature record: CXX_FEATURE:1cxx_decltype_incomplete_return_types
    Feature record: CXX_FEATURE:1cxx_default_function_template_args
    Feature record: CXX_FEATURE:1cxx_defaulted_functions
    Feature record: CXX_FEATURE:1cxx_defaulted_move_initializers
    Feature record: CXX_FEATURE:1cxx_delegating_constructors
    Feature record: CXX_FEATURE:1cxx_deleted_functions
    Feature record: CXX_FEATURE:0cxx_digit_separators
    Feature record: CXX_FEATURE:1cxx_enum_forward_declarations
    Feature record: CXX_FEATURE:1cxx_explicit_conversions
    Feature record: CXX_FEATURE:1cxx_extended_friend_declarations
    Feature record: CXX_FEATURE:1cxx_extern_templates
    Feature record: CXX_FEATURE:1cxx_final
    Feature record: CXX_FEATURE:1cxx_func_identifier
    Feature record: CXX_FEATURE:0cxx_generic_lambdas
    Feature record: CXX_FEATURE:1cxx_inheriting_constructors
    Feature record: CXX_FEATURE:1cxx_inline_namespaces
    Feature record: CXX_FEATURE:1cxx_lambdas
    Feature record: CXX_FEATURE:0cxx_lambda_init_captures
    Feature record: CXX_FEATURE:1cxx_local_type_template_args
    Feature record: CXX_FEATURE:1cxx_long_long_type
    Feature record: CXX_FEATURE:1cxx_noexcept
    Feature record: CXX_FEATURE:1cxx_nonstatic_member_init
    Feature record: CXX_FEATURE:1cxx_nullptr
    Feature record: CXX_FEATURE:1cxx_override
    Feature record: CXX_FEATURE:1cxx_range_for
    Feature record: CXX_FEATURE:1cxx_raw_string_literals
    Feature record: CXX_FEATURE:1cxx_reference_qualified_functions
    Feature record: CXX_FEATURE:0cxx_relaxed_constexpr
    Feature record: CXX_FEATURE:1cxx_return_type_deduction
    Feature record: CXX_FEATURE:1cxx_right_angle_brackets
    Feature record: CXX_FEATURE:1cxx_rvalue_references
    Feature record: CXX_FEATURE:1cxx_sizeof_member
    Feature record: CXX_FEATURE:1cxx_static_assert
    Feature record: CXX_FEATURE:1cxx_strong_enums
    Feature record: CXX_FEATURE:1cxx_template_template_parameters
    Feature record: CXX_FEATURE:1cxx_thread_local
    Feature record: CXX_FEATURE:1cxx_trailing_return_types
    Feature record: CXX_FEATURE:1cxx_unicode_literals
    Feature record: CXX_FEATURE:1cxx_uniform_initialization
    Feature record: CXX_FEATURE:1cxx_unrestricted_unions
    Feature record: CXX_FEATURE:1cxx_user_literals
    Feature record: CXX_FEATURE:0cxx_variable_templates
    Feature record: CXX_FEATURE:1cxx_variadic_macros
    Feature record: CXX_FEATURE:1cxx_variadic_templates


Detecting CXX [-std=c++98] compiler features compiled with the following output:
Change Dir: /u/gvargas/code/e++SCv1/buildV1/CMakeFiles/CMakeTmp

Run Build Command:"/usr/bin/gmake" "cmTC_a70fe/fast"
/usr/bin/gmake -f CMakeFiles/cmTC_a70fe.dir/build.make CMakeFiles/cmTC_a70fe.dir/build
gmake[1]: Entering directory '/cobra/u/gvargas/code/e++SCv1/buildV1/CMakeFiles/CMakeTmp'
Building CXX object CMakeFiles/cmTC_a70fe.dir/feature_tests.cxx.o
/mpcdf/soft/SLE_12_SP3/packages/skylake/intel/18.0.5/bin/icpc    -std=c++98 -o CMakeFiles/cmTC_a70fe.dir/feature_tests.cxx.o -c /u/gvargas/code/e++SCv1/buildV1/CMakeFiles/feature_tests.cxx
Linking CXX executable cmTC_a70fe
/u/system/soft/SLE_12_SP3/packages/x86_64/cmake/3.10.2/bin/cmake -E cmake_link_script CMakeFiles/cmTC_a70fe.dir/link.txt --verbose=1
/mpcdf/soft/SLE_12_SP3/packages/skylake/intel/18.0.5/bin/icpc       -rdynamic CMakeFiles/cmTC_a70fe.dir/feature_tests.cxx.o  -o cmTC_a70fe 
gmake[1]: Leaving directory '/cobra/u/gvargas/code/e++SCv1/buildV1/CMakeFiles/CMakeTmp'


    Feature record: CXX_FEATURE:0cxx_aggregate_default_initializers
    Feature record: CXX_FEATURE:0cxx_alias_templates
    Feature record: CXX_FEATURE:0cxx_alignas
    Feature record: CXX_FEATURE:0cxx_alignof
    Feature record: CXX_FEATURE:0cxx_attributes
    Feature record: CXX_FEATURE:0cxx_attribute_deprecated
    Feature record: CXX_FEATURE:0cxx_auto_type
    Feature record: CXX_FEATURE:1cxx_binary_literals
    Feature record: CXX_FEATURE:0cxx_constexpr
    Feature record: CXX_FEATURE:0cxx_contextual_conversions
    Feature record: CXX_FEATURE:0cxx_decltype
    Feature record: CXX_FEATURE:0cxx_decltype_auto
    Feature record: CXX_FEATURE:0cxx_decltype_incomplete_return_types
    Feature record: CXX_FEATURE:0cxx_default_function_template_args
    Feature record: CXX_FEATURE:0cxx_defaulted_functions
    Feature record: CXX_FEATURE:0cxx_defaulted_move_initializers
    Feature record: CXX_FEATURE:0cxx_delegating_constructors
    Feature record: CXX_FEATURE:0cxx_deleted_functions
    Feature record: CXX_FEATURE:0cxx_digit_separators
    Feature record: CXX_FEATURE:0cxx_enum_forward_declarations
    Feature record: CXX_FEATURE:0cxx_explicit_conversions
    Feature record: CXX_FEATURE:0cxx_extended_friend_declarations
    Feature record: CXX_FEATURE:0cxx_extern_templates
    Feature record: CXX_FEATURE:0cxx_final
    Feature record: CXX_FEATURE:0cxx_func_identifier
    Feature record: CXX_FEATURE:0cxx_generic_lambdas
    Feature record: CXX_FEATURE:0cxx_inheriting_constructors
    Feature record: CXX_FEATURE:0cxx_inline_namespaces
    Feature record: CXX_FEATURE:0cxx_lambdas
    Feature record: CXX_FEATURE:0cxx_lambda_init_captures
    Feature record: CXX_FEATURE:0cxx_local_type_template_args
    Feature record: CXX_FEATURE:0cxx_long_long_type
    Feature record: CXX_FEATURE:0cxx_noexcept
    Feature record: CXX_FEATURE:0cxx_nonstatic_member_init
    Feature record: CXX_FEATURE:0cxx_nullptr
    Feature record: CXX_FEATURE:0cxx_override
    Feature record: CXX_FEATURE:0cxx_range_for
    Feature record: CXX_FEATURE:0cxx_raw_string_literals
    Feature record: CXX_FEATURE:0cxx_reference_qualified_functions
    Feature record: CXX_FEATURE:0cxx_relaxed_constexpr
    Feature record: CXX_FEATURE:0cxx_return_type_deduction
    Feature record: CXX_FEATURE:0cxx_right_angle_brackets
    Feature record: CXX_FEATURE:0cxx_rvalue_references
    Feature record: CXX_FEATURE:0cxx_sizeof_member
    Feature record: CXX_FEATURE:0cxx_static_assert
    Feature record: CXX_FEATURE:0cxx_strong_enums
    Feature record: CXX_FEATURE:0cxx_template_template_parameters
    Feature record: CXX_FEATURE:0cxx_thread_local
    Feature record: CXX_FEATURE:0cxx_trailing_return_types
    Feature record: CXX_FEATURE:0cxx_unicode_literals
    Feature record: CXX_FEATURE:0cxx_uniform_initialization
    Feature record: CXX_FEATURE:0cxx_unrestricted_unions
    Feature record: CXX_FEATURE:0cxx_user_literals
    Feature record: CXX_FEATURE:0cxx_variable_templates
    Feature record: CXX_FEATURE:0cxx_variadic_macros
    Feature record: CXX_FEATURE:0cxx_variadic_templates
Determining if files sys/time.h;sys/resource.h;unistd.h exist passed with the following output:
Change Dir: /u/gvargas/code/e++SCv1/buildV1/CMakeFiles/CMakeTmp

Run Build Command:"/usr/bin/gmake" "cmTC_9d9ff/fast"
/usr/bin/gmake -f CMakeFiles/cmTC_9d9ff.dir/build.make CMakeFiles/cmTC_9d9ff.dir/build
gmake[1]: Entering directory '/cobra/u/gvargas/code/e++SCv1/buildV1/CMakeFiles/CMakeTmp'
Building C object CMakeFiles/cmTC_9d9ff.dir/CheckIncludeFiles.c.o
/mpcdf/soft/SLE_12_SP3/packages/skylake/intel/18.0.5/bin/icc    -o CMakeFiles/cmTC_9d9ff.dir/CheckIncludeFiles.c.o   -c /u/gvargas/code/e++SCv1/buildV1/CMakeFiles/CMakeTmp/CheckIncludeFiles.c
Linking C executable cmTC_9d9ff
/u/system/soft/SLE_12_SP3/packages/x86_64/cmake/3.10.2/bin/cmake -E cmake_link_script CMakeFiles/cmTC_9d9ff.dir/link.txt --verbose=1
/mpcdf/soft/SLE_12_SP3/packages/skylake/intel/18.0.5/bin/icc      -rdynamic CMakeFiles/cmTC_9d9ff.dir/CheckIncludeFiles.c.o  -o cmTC_9d9ff 
gmake[1]: Leaving directory '/cobra/u/gvargas/code/e++SCv1/buildV1/CMakeFiles/CMakeTmp'


